<?xml version="1.0" encoding="UTF-8"?>
<testsuite name="tests.AddNewCar" tests="1" skipped="0" failures="0" errors="0" timestamp="2022-07-27T20:01:14" hostname="LAPTOP-GAODKJDU" time="10.585">
  <properties/>
  <testcase name="addNewCarSuccess" classname="tests.AddNewCar" time="10.585"/>
  <system-out><![CDATA[23:01:07.068  INFO  tests.TestBase - Start method with name ->>addNewCarSuccess
23:01:12.112  INFO  manager.MyListener - WebDriver starts find element ---> By.xpath: //a[text()=' Log in ']
23:01:12.278  INFO  manager.MyListener - WebDriver starts find element ---> By.id: email
23:01:12.659  INFO  manager.MyListener - WebDriver starts find element ---> By.id: password
23:01:12.964  INFO  manager.MyListener - WebDriver starts find element ---> By.cssSelector: button[type='submit']
23:01:13.139  INFO  manager.MyListener - WebDriver starts find element ---> By.cssSelector: button[type='submit']
23:01:14.125  INFO  manager.MyListener - WebDriver starts find element ---> By.xpath: //button[text()='Ok']
23:01:14.368  INFO  tests.TestBase - Car is -> Car(address=Haifa, Israel, make=BMW, model=M5, year=2021, engine=2.5, fuel=Petrol, gear=AT, wD=AWD, doors=5, seats=4, clasS=C, fuelConsunption=6.5, carRegNumber=22-3331482, price=65, distanceIncluded=800, features=type of features, about=Very nice car)
23:01:15.385  INFO  manager.MyListener - WebDriver starts find element ---> By.id: 1
23:01:15.540  INFO  manager.MyListener - WebDriver starts find element ---> By.id: pickUpPlace
23:01:15.802  INFO  manager.MyListener - WebDriver starts find element ---> By.cssSelector: div.pac-item
23:01:16.817  INFO  manager.MyListener - WebDriver starts find element ---> By.id: make
23:01:17.086  INFO  manager.MyListener - WebDriver starts find element ---> By.id: model
23:01:17.312  INFO  manager.MyListener - WebDriver starts find element ---> By.id: year
23:01:17.563  INFO  manager.MyListener - WebDriver starts find element ---> By.id: engine
23:01:17.783  INFO  manager.MyListener - WebDriver starts find element ---> By.id: fuel
23:01:17.853  INFO  manager.MyListener - new before find by -->By.xpath: .//option[@value = "Petrol"]
23:01:17.899  INFO  manager.MyListener - WebDriver start found element by locator -->By.xpath: .//option[@value = "Petrol"]
23:01:17.956  INFO  manager.MyListener - WebDriver starts find element ---> By.id: gear
23:01:18.020  INFO  manager.MyListener - new before find by -->By.xpath: .//option[@value = "AT"]
23:01:18.059  INFO  manager.MyListener - WebDriver start found element by locator -->By.xpath: .//option[@value = "AT"]
23:01:18.127  INFO  manager.MyListener - WebDriver starts find element ---> By.id: wheelsDrive
23:01:18.199  INFO  manager.MyListener - new before find by -->By.xpath: .//option[@value = "AWD"]
23:01:18.240  INFO  manager.MyListener - WebDriver start found element by locator -->By.xpath: .//option[@value = "AWD"]
23:01:18.306  INFO  manager.MyListener - WebDriver starts find element ---> By.id: doors
23:01:18.591  INFO  manager.MyListener - WebDriver starts find element ---> By.id: seats
23:01:18.843  INFO  manager.MyListener - WebDriver starts find element ---> By.id: class
23:01:19.077  INFO  manager.MyListener - WebDriver starts find element ---> By.id: fuelConsumption
23:01:19.380  INFO  manager.MyListener - WebDriver starts find element ---> By.id: serialNumber
23:01:19.671  INFO  manager.MyListener - WebDriver starts find element ---> By.id: price
23:01:19.920  INFO  manager.MyListener - WebDriver starts find element ---> By.id: distance
23:01:20.130  INFO  manager.MyListener - WebDriver starts find element ---> By.cssSelector: input[placeholder='Type feature']
23:01:20.355  INFO  manager.MyListener - WebDriver starts find element ---> By.id: about
23:01:20.578  INFO  manager.MyListener - WebDriver starts find element ---> By.id: photos
23:01:20.744  INFO  manager.MyListener - WebDriver starts find element ---> By.cssSelector: button[type='submit']
23:01:22.521  INFO  manager.MyListener - WebDriver starts find element ---> By.cssSelector: button[type='submit']
23:01:24.663  INFO  manager.MyListener - WebDriver starts find element ---> By.cssSelector: div.dialog-container
23:01:24.741  INFO  manager.MyListener - WebDriver starts find element ---> By.cssSelector: div.dialog-container h1
23:01:24.842  INFO  manager.MyListener - WebDriver starts find element ---> By.xpath: //button[text()='Search cars']
]]></system-out>
  <system-err><![CDATA[]]></system-err>
</testsuite>
