<?xml version="1.0" encoding="UTF-8"?>
<testsuite name="tests.LoginTests" tests="1" skipped="0" failures="0" errors="0" timestamp="2022-06-27T19:49:42" hostname="LAPTOP-GAODKJDU" time="0.414">
  <properties/>
  <testcase name="loginASuccess" classname="tests.LoginTests" time="0.414"/>
  <system-out><![CDATA[]]></system-out>
  <system-err><![CDATA[]]></system-err>
</testsuite>
