<?xml version="1.0" encoding="UTF-8"?>
<testsuite name="tests.SearchTests" tests="5" skipped="0" failures="0" errors="0" timestamp="2022-07-27T20:02:14" hostname="LAPTOP-GAODKJDU" time="26.164">
  <properties/>
  <testcase name="searchAnyPeriod" classname="tests.SearchTests" time="6.238"/>
  <testcase name="searchCurrentMounts" classname="tests.SearchTests" time="3.061"/>
  <testcase name="searchCurrentYear" classname="tests.SearchTests" time="5.807"/>
  <testcase name="searchCurrentYearLocalDate" classname="tests.SearchTests" time="3.305"/>
  <testcase name="searchPeriodPastNegative" classname="tests.SearchTests" time="6.256"/>
  <system-out><![CDATA[23:02:14.316  INFO  tests.TestBase - Start method with name ->>searchAnyPeriod
23:02:14.317  INFO  manager.MyListener - WebDriver starts find element ---> By.cssSelector: .logo
23:02:16.946  INFO  manager.MyListener - WebDriver starts find element ---> By.id: city
23:02:17.017  INFO  manager.MyListener - WebDriver starts find element ---> By.id: city
23:02:17.743  INFO  manager.MyListener - WebDriver starts find element ---> By.cssSelector: .pac-item
23:02:17.850  INFO  manager.MyListener - WebDriver starts find element ---> By.id: dates
23:02:18.068  INFO  manager.MyListener - WebDriver starts find element ---> By.cssSelector: #dates
Windows 11
23:02:18.206  INFO  manager.MyListener - WebDriver starts find element ---> By.xpath: //button[@aria-label='Next month']
23:02:18.323  INFO  manager.MyListener - WebDriver starts find element ---> By.xpath: //button[@aria-label='Next month']
23:02:18.403  INFO  manager.MyListener - WebDriver starts find element ---> By.xpath: //button[@aria-label='Next month']
23:02:18.486  INFO  manager.MyListener - WebDriver starts find element ---> By.xpath: //button[@aria-label='Next month']
23:02:18.582  INFO  manager.MyListener - WebDriver starts find element ---> By.xpath: //button[@aria-label='Next month']
23:02:18.682  INFO  manager.MyListener - WebDriver starts find element ---> By.xpath: //button[@aria-label='Next month']
23:02:18.780  INFO  manager.MyListener - WebDriver starts find element ---> By.xpath: //button[@aria-label='Next month']
23:02:18.897  INFO  manager.MyListener - WebDriver starts find element ---> By.xpath: //button[@aria-label='Next month']
23:02:19.016  INFO  manager.MyListener - WebDriver starts find element ---> By.xpath: //button[@aria-label='Next month']
23:02:19.136  INFO  manager.MyListener - WebDriver starts find element ---> By.xpath: //button[@aria-label='Next month']
23:02:19.247  INFO  manager.MyListener - WebDriver starts find element ---> By.xpath: //button[@aria-label='Next month']
23:02:19.366  INFO  manager.MyListener - WebDriver starts find element ---> By.xpath: //div[text()=' 30 ']
23:02:19.536  INFO  manager.MyListener - WebDriver starts find element ---> By.xpath: //button[@aria-label='Next month']
23:02:19.654  INFO  manager.MyListener - WebDriver starts find element ---> By.xpath: //div[text()=' 12 ']
23:02:19.823  INFO  manager.MyListener - WebDriver starts find element ---> By.cssSelector: button[type='submit']
23:02:19.930  INFO  manager.MyListener - WebDriver starts find element ---> By.cssSelector: button[type='submit']
23:02:21.186  INFO  tests.TestBase - Start method with name ->>searchCurrentMounts
23:02:21.188  INFO  manager.MyListener - WebDriver starts find element ---> By.cssSelector: .logo
23:02:21.649  INFO  manager.MyListener - WebDriver starts find element ---> By.id: city
23:02:21.708  INFO  manager.MyListener - WebDriver starts find element ---> By.id: city
23:02:22.582  INFO  manager.MyListener - WebDriver starts find element ---> By.cssSelector: .pac-item
23:02:22.684  INFO  manager.MyListener - WebDriver starts find element ---> By.cssSelector: #dates
Windows 11
23:02:22.809  INFO  manager.MyListener - WebDriver starts find element ---> By.cssSelector: #dates
23:02:22.911  INFO  manager.MyListener - WebDriver starts find element ---> By.xpath: //div[text()=' 28 ']
23:02:23.020  INFO  manager.MyListener - WebDriver starts find element ---> By.xpath: //div[text() = ' 27 ']
23:02:23.126  INFO  manager.MyListener - WebDriver starts find element ---> By.cssSelector: button[type='submit']
23:02:23.186  INFO  manager.MyListener - WebDriver starts find element ---> By.cssSelector: button[type='submit']
23:02:24.711  INFO  tests.TestBase - Start method with name ->>searchCurrentYear
23:02:24.713  INFO  manager.MyListener - WebDriver starts find element ---> By.cssSelector: .logo
23:02:25.099  INFO  manager.MyListener - WebDriver starts find element ---> By.cssSelector: #dates
Windows 11
23:02:25.280  INFO  manager.MyListener - WebDriver starts find element ---> By.id: city
23:02:25.328  INFO  manager.MyListener - WebDriver starts find element ---> By.id: city
23:02:26.182  INFO  manager.MyListener - WebDriver starts find element ---> By.cssSelector: .pac-item
23:02:28.291  INFO  manager.MyListener - WebDriver starts find element ---> By.cssSelector: #dates
Windows 11
23:02:28.415  INFO  manager.MyListener - WebDriver starts find element ---> By.cssSelector: #dates
23:02:28.544  INFO  manager.MyListener - WebDriver starts find element ---> By.xpath: //button[@aria-label='Next month']
23:02:28.645  INFO  manager.MyListener - WebDriver starts find element ---> By.xpath: //div[text()=' 30 ']
23:02:28.745  INFO  manager.MyListener - WebDriver starts find element ---> By.xpath: //button[@aria-label='Next month']
23:02:28.852  INFO  manager.MyListener - WebDriver starts find element ---> By.xpath: //div[text()=' 2 ']
23:02:28.979  INFO  manager.MyListener - WebDriver starts find element ---> By.cssSelector: button[type='submit']
23:02:29.041  INFO  manager.MyListener - WebDriver starts find element ---> By.cssSelector: button[type='submit']
https://ilcarro-1578153671498.web.app/search/results?city=Jerusalem&startDate=2022-08-30%2000:00&endDate=2022-09-02%2000:00
23:02:30.908  INFO  tests.TestBase - Start method with name ->>searchCurrentYearLocalDate
23:02:30.910  INFO  manager.MyListener - WebDriver starts find element ---> By.cssSelector: .logo
23:02:31.234  INFO  manager.MyListener - WebDriver starts find element ---> By.id: city
23:02:31.305  INFO  manager.MyListener - WebDriver starts find element ---> By.id: city
23:02:32.083  INFO  manager.MyListener - WebDriver starts find element ---> By.cssSelector: .pac-item
23:02:32.184  INFO  manager.MyListener - WebDriver starts find element ---> By.cssSelector: #dates
23:02:32.340  INFO  manager.MyListener - WebDriver starts find element ---> By.cssSelector: #dates
Windows 11
23:02:32.483  INFO  manager.MyListener - WebDriver starts find element ---> By.xpath: //button[@aria-label='Next month']
23:02:32.596  INFO  manager.MyListener - WebDriver starts find element ---> By.xpath: //div[text()=' 10 ']
23:02:32.706  INFO  manager.MyListener - WebDriver starts find element ---> By.xpath: //button[@aria-label='Next month']
23:02:32.806  INFO  manager.MyListener - WebDriver starts find element ---> By.xpath: //button[@aria-label='Next month']
23:02:32.887  INFO  manager.MyListener - WebDriver starts find element ---> By.xpath: //div[text()=' 20 ']
23:02:32.986  INFO  manager.MyListener - WebDriver starts find element ---> By.cssSelector: button[type='submit']
23:02:33.053  INFO  manager.MyListener - WebDriver starts find element ---> By.cssSelector: button[type='submit']
https://ilcarro-1578153671498.web.app/search/results?city=Haifa&startDate=2022-09-10%2000:00&endDate=2022-11-20%2000:00
23:02:34.540  INFO  tests.TestBase - Start method with name ->>searchPeriodPastNegative
23:02:34.541  INFO  manager.MyListener - WebDriver starts find element ---> By.cssSelector: .logo
23:02:34.854  INFO  manager.MyListener - WebDriver starts find element ---> By.cssSelector: #dates
Windows 11
23:02:34.994  INFO  manager.MyListener - WebDriver starts find element ---> By.id: city
23:02:35.041  INFO  manager.MyListener - WebDriver starts find element ---> By.id: city
23:02:35.806  INFO  manager.MyListener - WebDriver starts find element ---> By.cssSelector: .pac-item
23:02:37.910  INFO  manager.MyListener - WebDriver starts find element ---> By.cssSelector: #dates
23:02:38.192  INFO  manager.MyListener - WebDriver starts find element ---> By.cssSelector: .cdk-overlay-container
23:02:38.301  INFO  manager.MyListener - WebDriver starts find element ---> By.cssSelector: [type='submit']
23:02:38.418  INFO  manager.MyListener - WebDriver starts find element ---> By.cssSelector: [type='submit']
false
]]></system-out>
  <system-err><![CDATA[]]></system-err>
</testsuite>
